<?xml version="1.0" encoding="UTF-8"?>
<!-- Generated by org.testng.reporters.JUnitXMLReporter -->
<testsuite ignored="0" hostname="MSI" failures="0" tests="6" name="Test" time="12.937" errors="0" timestamp="2022-09-28T12:58:10 IST">
  <testcase classname="com.simplileaern.testng.AssertionExample" name="TitleTest" time="1.835"/>
  <testcase classname="com.simplileaern.testng.FacebookLogin" name="facebook" time="1.661"/>
  <testcase classname="com.simplileaern.testng.FirstDemo" name="Hello" time="0.002"/>
  <testcase classname="com.simplileaern.testng.FirstDemo" name="Hello1" time="0.003"/>
  <testcase classname="com.simplileaern.testng.GroupTest" name="launchChrome" time="5.369"/>
  <testcase classname="com.simplileaern.testng.GroupTest" name="loginWithChrome" time="0.375"/>
</testsuite> <!-- Test -->
