<?xml version="1.0" encoding="UTF-8"?>
<testng-results ignored="0" total="1" passed="1" failed="0" skipped="0">
  <reporter-output>
  </reporter-output>
  <suite started-at="2022-09-30T09:37:17 IST" name="Default suite" finished-at="2022-09-30T09:37:22 IST" duration-ms="4372">
    <groups>
    </groups>
    <test started-at="2022-09-30T09:37:17 IST" name="Default test" finished-at="2022-09-30T09:37:22 IST" duration-ms="4372">
      <class name="com.simplileaern.testng.FacebookLogin">
        <test-method is-config="true" signature="beforeMethod()[pri:0, instance:com.simplileaern.testng.FacebookLogin@35aea049]" started-at="2022-09-30T09:37:18 IST" name="beforeMethod" finished-at="2022-09-30T09:37:20 IST" duration-ms="2398" status="PASS">
          <reporter-output>
          </reporter-output>
        </test-method> <!-- beforeMethod -->
        <test-method signature="facebook()[pri:0, instance:com.simplileaern.testng.FacebookLogin@35aea049]" started-at="2022-09-30T09:37:20 IST" name="facebook" finished-at="2022-09-30T09:37:22 IST" duration-ms="1929" status="PASS">
          <reporter-output>
          </reporter-output>
        </test-method> <!-- facebook -->
        <test-method is-config="true" signature="afterMethod()[pri:0, instance:com.simplileaern.testng.FacebookLogin@35aea049]" started-at="2022-09-30T09:37:22 IST" name="afterMethod" finished-at="2022-09-30T09:37:22 IST" duration-ms="0" status="PASS">
          <reporter-output>
          </reporter-output>
        </test-method> <!-- afterMethod -->
      </class> <!-- com.simplileaern.testng.FacebookLogin -->
    </test> <!-- Default test -->
  </suite> <!-- Default suite -->
</testng-results>
