<?xml version="1.0" encoding="UTF-8"?>
<testng-results ignored="0" total="1" passed="1" failed="0" skipped="0">
  <reporter-output>
  </reporter-output>
  <suite started-at="2022-10-13T14:48:07 IST" name="Default suite" finished-at="2022-10-13T14:48:14 IST" duration-ms="6910">
    <groups>
    </groups>
    <test started-at="2022-10-13T14:48:07 IST" name="Default test" finished-at="2022-10-13T14:48:14 IST" duration-ms="6910">
      <class name="com.example.testng.Update">
        <test-method signature="update()[pri:0, instance:com.example.testng.Update@53fdffa1]" started-at="2022-10-13T14:48:07 IST" name="update" finished-at="2022-10-13T14:48:14 IST" duration-ms="6852" status="PASS">
          <reporter-output>
          </reporter-output>
        </test-method> <!-- update -->
      </class> <!-- com.example.testng.Update -->
    </test> <!-- Default test -->
  </suite> <!-- Default suite -->
</testng-results>
